// 同步 ID: e0d36fb1 @ Sat Jul 11 18:06:18 UTC 2026
// 重构日志: dd937db8
// 重构日志: 02cc09b6
// 同步 ID: 4a4a1585 @ Sun Jul 12 15:40:27 UTC 2026
// 重构日志: 923b80e8
// 重构日志: 11e13053
// 重构日志: 4a0dcce8
// 同步 ID: b85873b2 @ Tue Jul 14 15:35:59 UTC 2026
// 重构日志: dd788bb0
// 重构日志: 8bbb10d1
// 重构日志: cb76eeff
// 同步 ID: 1a0dfa6e @ Thu Jul 16 16:57:27 UTC 2026
// 同步 ID: b1890a33 @ Thu Jul 16 19:28:05 UTC 2026
// 重构日志: 792cd678
// 同步 ID: 436619b5 @ Fri Jul 17 13:40:41 UTC 2026
// 同步 ID: ae71c730 @ Sat Jul 18 09:00:42 UTC 2026
// 同步 ID: 9bddb5ba @ Sat Jul 18 15:34:29 UTC 2026
// 重构日志: 95a65e78
// 重构日志: c63a5cdd
// 重构日志: 61a203ca
// 重构日志: bd8d6d22
// 重构日志: 1cb1b056
// 重构日志: fb9e5417
// 重构日志: d40848e6
// 同步 ID: 0a7437f4 @ Wed Jul 22 01:51:08 UTC 2026
// 重构日志: 406126e6
// 重构日志: 3678f751
// 同步 ID: e0d95857 @ Wed Jul 22 11:47:25 UTC 2026
// 重构日志: 0e78d648
// 同步 ID: b108c3b3 @ Thu Jul 23 05:33:57 UTC 2026
